Log file open, 02/20/18 15:54:34
LogInit:Display: Running engine for game: CitizenPeril
LogInit:Display: Project file not found: ../../../CitizenPeril/CitizenPeril.uproject
LogInit:Display: 	Attempting to find via project info helper.
LogUProjectInfo: Found projects:
LogPlatformFile: Not using cached read wrapper
LogInit:Display: RandInit(862462216) SRandInit(862462218).
LogTaskGraph: Started task graph with 4 named threads and 7 total threads with 1 sets of task threads.
LogStats: Stats thread started at 0.700153
LogInit: Version: 4.12.5-3039270+++UE4+Release-4.12
LogInit: API Version: 2992821
LogInit: Net Version: 3039270
LogDevObjectVersion: Number of dev versions registered: 13
LogDevObjectVersion:   Dev-Blueprints (B0D832E4-1F89-4F0D-ACCF-7EB736FD4AA2): 3
LogDevObjectVersion:   Dev-Build (E1C64328-A22C-4D53-A36C-8E866417BD8C): 0
LogDevObjectVersion:   Dev-Core (375EC13C-06E4-48FB-B500-84F0262A717E): 1
LogDevObjectVersion:   Dev-Editor (E4B068ED-F494-42E9-A231-DA0B2E46BB41): 2
LogDevObjectVersion:   Dev-Framework (CFFC743F-43B0-4480-9391-14DF171D2073): 6
LogDevObjectVersion:   Dev-Mobile (B02B49B5-BB20-44E9-A304-32B752E40360): 0
LogDevObjectVersion:   Dev-Networking (A4E4105C-59A1-49B5-A7C5-40C4547EDFEE): 0
LogDevObjectVersion:   Dev-Online (39C831C9-5AE6-47DC-9A44-9C173E1C8E7C): 0
LogDevObjectVersion:   Dev-Physics (78F01B33-EBEA-4F98-B9B4-84EACCB95AA2): 0
LogDevObjectVersion:   Dev-Platform (6631380F-2D4D-43E0-8009-CF276956A95A): 0
LogDevObjectVersion:   Dev-Rendering (12F88B9F-8875-4AFC-A67C-D90C383ABD29): 2
LogDevObjectVersion:   Dev-Sequencer (7B5AE74C-D270-4C10-A958-57980B212A5A): 0
LogDevObjectVersion:   Dev-VR (D7296918-1DD6-4BDD-9DE2-64A83CC13884): 0
LogInit: Compiled (32-bit): Jul  6 2016 09:18:16
LogInit: Compiled with Visual C++: 19.00.23026.00
LogInit: Build Configuration: Development
LogInit: Branch Name: ++UE4+Release-4.12
LogInit: Command line:  
LogInit: Base directory: C:/Users/Peter H/Documents/MyGameBuilds/WindowsNoEditor/Engine/Binaries/Win32/
LogInit: Installed Engine Build: 0
LogInit: Using libcurl 7.41.0
LogInit:  - built for i386-pc-win32
LogInit:  - supports SSL with WinSSL
LogInit:  - other features:
LogInit:      CURL_VERSION_SSL
LogInit:      CURL_VERSION_IPV6
LogInit:      CURL_VERSION_ASYNCHDNS
LogInit:      CURL_VERSION_LARGEFILE
LogInit:      CURL_VERSION_IDN
LogInit:  CurlRequestOptions (configurable via config and command line):
LogInit:  - bVerifyPeer = true  - Libcurl will verify peer certificate
LogInit:  - bUseHttpProxy = false  - Libcurl will NOT use HTTP proxy
LogInit:  - bDontReuseConnections = false  - Libcurl will reuse connections
LogInit:  - CertBundlePath = nullptr  - Libcurl will use whatever was configured at build time.
LogInit: Presizing for max 2097152 objects, including 0 objects not considered by GC, pre-allocating 0 bytes for permanent pool.
LogInit: Object subsystem initialized
[2018.02.20-15.54.34:508][  0]LogInit: Selected Device Profile: [WindowsNoEditor]
[2018.02.20-15.54.34:508][  0]LogInit: Applying CVar settings loaded from the selected device profile: [WindowsNoEditor]
[2018.02.20-15.54.34:514][  0]LogInit: Computer: DESKTOP-AJMGJ7N
[2018.02.20-15.54.34:514][  0]LogInit: User: PeterH
[2018.02.20-15.54.34:515][  0]LogInit: CPU Page size=65536, Cores=4
[2018.02.20-15.54.34:515][  0]LogInit: High frequency timer resolution =3.328127 MHz
[2018.02.20-15.54.34:515][  0]LogMemory: Memory total: Physical=4.0GB (0GB approx) Virtual=4.0GB
[2018.02.20-15.54.34:515][  0]LogMemory: Platform Memory Stats for WindowsNoEditor
[2018.02.20-15.54.34:515][  0]LogMemory: Process Physical Memory: 58.20 MB used, 58.20 MB peak
[2018.02.20-15.54.34:515][  0]LogMemory: Process Virtual Memory: 74.41 MB used, 74.41 MB peak
[2018.02.20-15.54.34:515][  0]LogMemory: Physical Memory: 2571.84 MB used, 4047.95 MB total
[2018.02.20-15.54.34:515][  0]LogMemory: Virtual Memory: 297.41 MB used, 4095.88 MB total
[2018.02.20-15.54.34:870][  0]LogTextLocalizationManager: No specific translations for ('en-GB') exist, so ('en') translations will be used.
[2018.02.20-15.54.34:976][  0]LogD3D11RHI: D3D11 adapters:
[2018.02.20-15.54.35:029][  0]LogD3D11RHI:    0. 'NVIDIA GeForce GTX 960' (Feature Level 11_0)
[2018.02.20-15.54.35:029][  0]LogD3D11RHI:       3072/0/1023 MB DedicatedVideo/DedicatedSystem/SharedSystem, Outputs:2, VendorId:0x10de
[2018.02.20-15.54.35:031][  0]LogD3D11RHI:    1. 'Microsoft Basic Render Driver' (Feature Level 11_0)
[2018.02.20-15.54.35:031][  0]LogD3D11RHI:       0/0/4095 MB DedicatedVideo/DedicatedSystem/SharedSystem, Outputs:0, VendorId:0x1414
[2018.02.20-15.54.35:031][  0]LogD3D11RHI: Chosen D3D11 Adapter: 0
[2018.02.20-15.54.35:040][  0]LogD3D11RHI: Creating new Direct3DDevice
[2018.02.20-15.54.35:040][  0]LogD3D11RHI:     GPU DeviceId: 0x1401 (for the marketing name, search the web for "GPU Device Id")
[2018.02.20-15.54.35:040][  0]LogWindows: EnumDisplayDevices:
[2018.02.20-15.54.35:040][  0]LogWindows:    0. 'NVIDIA GeForce GTX 960' (P:1 D:1)
[2018.02.20-15.54.35:040][  0]LogWindows:    1. 'NVIDIA GeForce GTX 960' (P:0 D:1)
[2018.02.20-15.54.35:040][  0]LogWindows:    2. 'NVIDIA GeForce GTX 960' (P:0 D:0)
[2018.02.20-15.54.35:040][  0]LogWindows:    3. 'NVIDIA GeForce GTX 960' (P:0 D:0)
[2018.02.20-15.54.35:041][  0]LogWindows: DebugString: GetVideoDriverDetailsInvalid PrimaryIsNotTheChoosenAdapter GetVideoDriverDetailsInvalid PrimaryIsNotTheChoosenAdapter GetVideoDriverDetailsInvalid PrimaryIsNotTheChoosenAdapter GetVideoDriverDetailsInvalid PrimaryIsNotTheChoosenAdapter FoundDriverCount:0 
[2018.02.20-15.54.35:041][  0]LogD3D11RHI:     Adapter Name: NVIDIA GeForce GTX 960
[2018.02.20-15.54.35:041][  0]LogD3D11RHI:   Driver Version: Unknown (internal:Unknown, unified:Unknown)
[2018.02.20-15.54.35:041][  0]LogD3D11RHI:      Driver Date: Unknown
[2018.02.20-15.54.35:041][  0]LogRHI: Texture pool is 716 MB (70% of 1024 MB)
[2018.02.20-15.54.35:070][  0]LogD3D11RHI: Async texture creation enabled
[2018.02.20-15.54.35:201][  0]LogD3D11RHI: GPU Timing Frequency: 1000.000000 (Debug: 2 1)
[2018.02.20-15.54.35:448][  0]LogAssetRegistry: FAssetRegistry took 0.0078 seconds to start up
[2018.02.20-15.54.35:452][  0]LogPackageLocalizationCache: Processed 3 localized package path(s) for 2 prioritized culture(s) in 0.003058 seconds
[2018.02.20-15.54.35:478][  0]LogContentStreaming: Texture pool size is 1000.00 MB
[2018.02.20-15.54.35:478][  0]LogInit: Selected Device Profile: [WindowsNoEditor]
[2018.02.20-15.54.35:680][  0]LogInit: WinSock: version 1.1 (2.2), MaxSocks=32767, MaxUdp=65467
[2018.02.20-15.54.35:711][  0]LogSlate: SlateFontCache - WITH_FREETYPE: 1, WITH_HARFBUZZ: 1
[2018.02.20-15.54.35:711][  0]LogSlate: SlateFontCache - WITH_FREETYPE: 1, WITH_HARFBUZZ: 1
[2018.02.20-15.54.35:757][  0]LogMoviePlayer: Initializing movie player
[2018.02.20-15.54.35:834][  0]LogWindowsMoviePlayer: Unable to load movie: ../../../CitizenPeril/Content/Movies/Default_Startup.mp4
[2018.02.20-15.54.35:872][  0]LogUObjectArray: 27466 objects as part of root set at end of initial load.
[2018.02.20-15.54.35:872][  0]LogUObjectAllocator: 3928164 out of 0 bytes used by permanent object pool.
[2018.02.20-15.54.35:872][  0]LogUObjectArray: CloseDisregardForGC: 0/0 objects in disregard for GC pool
[2018.02.20-15.54.35:886][  0]LogEngine: Initializing Engine...
[2018.02.20-15.54.35:894][  0]LogHMD: SteamVR failed to initialize.  Err: 110
[2018.02.20-15.54.35:895][  0]LogHMD: SteamVR failed to initialize.  Err: 110
[2018.02.20-15.54.36:039][  0]LogInit: XAudio2 using 'Speakers (Realtek High Definition Audio)' : 2 channels at 48 kHz using 32 bits per sample (channel mask 0x3)
[2018.02.20-15.54.36:053][  0]LogInit: FAudioDevice initialized.
[2018.02.20-15.54.36:053][  0]LogInit: Texture streaming: Enabled
[2018.02.20-15.54.36:053][  0]LogModuleManager:Warning: ModuleManager: Module 'MessagingRpc' not found - its StaticallyLinkedModuleInitializers function is null.
[2018.02.20-15.54.36:053][  0]LogModuleManager:Warning: ModuleManager: Module 'PortalRpc' not found - its StaticallyLinkedModuleInitializers function is null.
[2018.02.20-15.54.36:053][  0]LogModuleManager:Warning: ModuleManager: Module 'PortalServices' not found - its StaticallyLinkedModuleInitializers function is null.
[2018.02.20-15.54.36:073][  0]LogNet: Browse: /Game/Game/Level/MainMenu?Name=Player
[2018.02.20-15.54.36:073][  0]LogLoad: LoadMap: /Game/Game/Level/MainMenu?Name=Player
[2018.02.20-15.54.36:092][  0]LogMemory: Platform Memory Stats for WindowsNoEditor
[2018.02.20-15.54.36:092][  0]LogMemory: Process Physical Memory: 172.77 MB used, 172.77 MB peak
[2018.02.20-15.54.36:092][  0]LogMemory: Process Virtual Memory: 177.34 MB used, 177.35 MB peak
[2018.02.20-15.54.36:092][  0]LogMemory: Physical Memory: 2655.73 MB used, 4047.95 MB total
[2018.02.20-15.54.36:092][  0]LogMemory: Virtual Memory: 553.36 MB used, 4095.88 MB total
[2018.02.20-15.54.36:092][  0]LogMemory: 
[2018.02.20-15.54.36:093][  0]LogMemory: Allocator Stats for binned:
[2018.02.20-15.54.36:093][  0]LogMemory: Current Memory 63.08 MB used, plus 6.04 MB waste
[2018.02.20-15.54.36:093][  0]LogMemory: Peak Memory 65.21 MB used, plus 5.60 MB waste
[2018.02.20-15.54.36:093][  0]LogMemory: Current OS Memory 69.13 MB, peak 70.81 MB
[2018.02.20-15.54.36:093][  0]LogMemory: Current Waste 0.94 MB, peak 1.29 MB
[2018.02.20-15.54.36:093][  0]LogMemory: Current Used 63.09 MB, peak 65.21 MB
[2018.02.20-15.54.36:093][  0]LogMemory: Current Slack 3.40 MB
[2018.02.20-15.54.36:093][  0]LogMemory: Allocs       141433 Current /  868645 Total
[2018.02.20-15.54.36:093][  0]LogMemory: 
[2018.02.20-15.54.36:093][  0]LogMemory: Block Size Num Pools Max Pools Cur Allocs Total Allocs Min Req Max Req Mem Used Mem Slack Mem Waste Efficiency
[2018.02.20-15.54.36:093][  0]LogMemory: ---------- --------- --------- ---------- ------------ ------- ------- -------- --------- --------- ----------
[2018.02.20-15.54.36:093][  0]LogMemory:          8         2         2      10203       256126       8       8      79K       49K        0K    100.00%
[2018.02.20-15.54.36:093][  0]LogMemory:         16         7         7      25124        83362       9      16     392K       56K       24K     94.64%
[2018.02.20-15.54.36:093][  0]LogMemory:         32         6         6      10039        30098      17      32     313K       71K       59K     84.64%
[2018.02.20-15.54.36:093][  0]LogMemory:         48        16        16      21348        57232      33      48    1000K       24K       89K     91.31%
[2018.02.20-15.54.36:093][  0]LogMemory:         64        13        13      12920        83887      49      64     807K       25K       99K     88.10%
[2018.02.20-15.54.36:093][  0]LogMemory:         80         8         8       6449        70181      65      80     503K        9K       35K     93.16%
[2018.02.20-15.54.36:093][  0]LogMemory:         96        32        32      21453        63187      81      96    2011K       35K       80K     96.09%
[2018.02.20-15.54.36:093][  0]LogMemory:        112         9        12       3694        26529      97     112     404K      172K       20K     96.53%
[2018.02.20-15.54.36:093][  0]LogMemory:        128        14        14       6951        23136     114     128     868K       28K       34K     96.21%
[2018.02.20-15.54.36:093][  0]LogMemory:        160         5         5       2009        35479     129     160     313K        7K       14K     95.63%
[2018.02.20-15.54.36:093][  0]LogMemory:        192         6         6       1787        15012     161     192     335K       49K       26K     93.23%
[2018.02.20-15.54.36:093][  0]LogMemory:        224        22        38       6035        31598     193     224    1320K       86K       70K     95.03%
[2018.02.20-15.54.36:093][  0]LogMemory:        256         5         5       1148        29386     226     256     287K       33K       11K     96.56%
[2018.02.20-15.54.36:093][  0]LogMemory:        288        12        12       2563         8929     257     288     720K       47K       51K     93.36%
[2018.02.20-15.54.36:093][  0]LogMemory:        320         3         3        595         4593     290     320     185K        7K        9K     95.31%
[2018.02.20-15.54.36:093][  0]LogMemory:        384        11        11       1718        18207     322     384     644K       58K       72K     89.77%
[2018.02.20-15.54.36:093][  0]LogMemory:        448        15        15       2048        11187     386     448     896K       63K       64K     93.33%
[2018.02.20-15.54.36:093][  0]LogMemory:        512        11        12       1096         4781     450     512     548K      156K       25K     96.45%
[2018.02.20-15.54.36:093][  0]LogMemory:        576         9        11        837         2064     514     576     470K      103K       25K     95.66%
[2018.02.20-15.54.36:093][  0]LogMemory:        640         1         2        102          390     578     640      63K        1K        3K     95.31%
[2018.02.20-15.54.36:093][  0]LogMemory:        704        10        10        594         1749     642     704     408K      232K       15K     97.66%
[2018.02.20-15.54.36:093][  0]LogMemory:        768         2         2        128          263     705     768      96K       32K        3K     97.66%
[2018.02.20-15.54.36:093][  0]LogMemory:        896         4         5        283          682     769     896     247K        9K       14K     94.53%
[2018.02.20-15.54.36:093][  0]LogMemory:       1024         7         7        249          912     898    1024     249K      199K       12K     97.32%
[2018.02.20-15.54.36:093][  0]LogMemory:       1168         7         7        320          837    1025    1168     365K       83K       17K     96.21%
[2018.02.20-15.54.36:093][  0]LogMemory:       1360         4         4        160          263    1171    1360     212K       43K       16K     93.75%
[2018.02.20-15.54.36:093][  0]LogMemory:       1632         4         4        142          510    1361    1632     226K       29K       20K     92.19%
[2018.02.20-15.54.36:093][  0]LogMemory:       2048        13        13        241          898    1635    2048     482K      350K       56K     93.27%
[2018.02.20-15.54.36:093][  0]LogMemory:       2336         7         7        126         1804    2050    2336     287K      161K       32K     92.86%
[2018.02.20-15.54.36:093][  0]LogMemory:       2720         4         5         73          476    2342    2717     193K       62K       11K     95.70%
[2018.02.20-15.54.36:093][  0]LogMemory:       3264         9        11         89         1139    2728    3264     283K      291K       18K     96.88%
[2018.02.20-15.54.36:093][  0]LogMemory:       4096        22        28        200          762    3270    4096     800K      608K       72K     94.89%
[2018.02.20-15.54.36:093][  0]LogMemory:       4672        15        17        141          432    4103    4670     643K      316K       39K     95.94%
[2018.02.20-15.54.36:093][  0]LogMemory:       5456        16        24         96          406    4679    5451     511K      512K       43K     95.80%
[2018.02.20-15.54.36:093][  0]LogMemory:       6544        15        21         95          332    5463    6528     607K      352K       55K     94.27%
[2018.02.20-15.54.36:093][  0]LogMemory:       8192        14        14         82          920    6548    8192     656K      240K       50K     94.42%
[2018.02.20-15.54.36:093][  0]LogMemory:       9360         7         8         47           90    8200    9360     429K       19K       34K     92.41%
[2018.02.20-15.54.36:093][  0]LogMemory:      10912         7         7         40           80    9361   10895     426K       22K       37K     91.74%
[2018.02.20-15.54.36:093][  0]LogMemory:      13104         7         8         34           55   10922   13056     435K       13K       37K     91.74%
[2018.02.20-15.54.36:093][  0]LogMemory:      16384        11        14         42          151   13109   16384     672K       32K       48K     93.18%
[2018.02.20-15.54.36:093][  0]LogMemory:      21840        11        13         31           82   16392   21736     661K       43K      111K     84.23%
[2018.02.20-15.54.36:093][  0]LogMemory:      32768        12        13         23           75   21904   32640     736K       32K      159K     79.30%
[2018.02.20-15.54.36:093][  0]LogMemory:      49152         4         4         12          216       0   49152     576K      192K      180K     76.56%
[2018.02.20-15.54.36:093][  0]LogMemory:      98304         2         3          5           20       0   87760     480K      288K      121K     84.24%
[2018.02.20-15.54.36:093][  0]LogMemory: 
[2018.02.20-15.54.36:093][  0]LogMemory: 28096K allocated in pools (with 5239K slack and 2010K waste). Efficiency 92.85%
[2018.02.20-15.54.36:093][  0]LogMemory: Allocations 141373 Current / 868519 Total (in 421 pools)
[2018.02.20-15.54.36:093][  0]LogMemory: 
[2018.02.20-15.54.36:334][  0]LogAIModule: Creating AISystem for world MainMenu
[2018.02.20-15.54.36:335][  0]LogWorld: Game class is 'Blank_C'
[2018.02.20-15.54.36:340][  0]LogWorld: Bringing World /Game/Game/Level/MainMenu.MainMenu up for play (max tick rate 0) at 2018.02.20-15.54.36
[2018.02.20-15.54.36:341][  0]LogWorld: Bringing up level for play took: 0.002676
[2018.02.20-15.54.36:358][  0]LogLoad: Took 0.285120 seconds to LoadMap(/Game/Game/Level/MainMenu)
[2018.02.20-15.54.36:358][  0]LogInit:Display: Game Engine Initialized.
[2018.02.20-15.54.36:563][  0]LogLoad: Full Startup: 3.01 seconds (BP compile: 0.00 seconds)
[2018.02.20-15.54.36:563][  0]LogExternalProfiler: No external profilers were discovered.  External profiling features will not be available.
[2018.02.20-15.54.36:589][  0]LogOcInput: OculusInput pre-init called
[2018.02.20-15.54.36:703][  2]LogRenderer: Reallocating scene render targets to support 1440x900 (Frame:2).
[2018.02.20-15.54.38:212][ 92]Closing by request
[2018.02.20-15.54.38:212][ 92]LogWindows: FPlatformMisc::RequestExit(0)
[2018.02.20-15.54.38:214][ 93]LogMoviePlayer: Shutting down movie player
[2018.02.20-15.54.38:931][ 93]LogSlate: Window 'CitizenPeril (32-bit, PCD3D_SM5)' being destroyed
[2018.02.20-15.54.38:933][ 93]LogWindowsTextInputMethodSystem:Display: IME system now deactivated.
[2018.02.20-15.54.38:933][ 93]LogWindowsTextInputMethodSystem:Display: IME system now deactivated.
[2018.02.20-15.54.39:005][ 93]LogExit: Preparing to exit.
[2018.02.20-15.54.39:024][ 93]LogExit: Game engine shut down
[2018.02.20-15.54.39:064][ 93]LogObj: Freed 16b from 1 cluster array pools.
[2018.02.20-15.54.39:064][ 93]LogExit: Object subsystem successfully closed.
[2018.02.20-15.54.39:071][ 93]LogD3D11RHI: Shutdown
[2018.02.20-15.54.39:071][ 93]LogD3D11RHI: CleanupD3DDevice
[2018.02.20-15.54.39:153][ 93]LogD3D11RHI: ~FD3D11DynamicRHI
[2018.02.20-15.54.39:154][ 93]LogModuleManager: Shutting down and abandoning module AutomationController (61)
[2018.02.20-15.54.39:155][ 93]LogModuleManager: Shutting down and abandoning module AutomationWorker (60)
[2018.02.20-15.54.39:155][ 93]LogModuleManager: Shutting down and abandoning module CharacterAI (59)
[2018.02.20-15.54.39:155][ 93]LogModuleManager: Shutting down and abandoning module SessionServices (58)
[2018.02.20-15.54.39:155][ 93]LogModuleManager: Shutting down and abandoning module GameplayDebugger (57)
[2018.02.20-15.54.39:155][ 93]LogModuleManager: Shutting down and abandoning module AIModule (56)
[2018.02.20-15.54.39:155][ 93]LogModuleManager: Shutting down and abandoning module StreamingPauseRendering (55)
[2018.02.20-15.54.39:155][ 93]LogModuleManager: Shutting down and abandoning module AnalyticsET (54)
[2018.02.20-15.54.39:155][ 93]LogModuleManager: Shutting down and abandoning module Analytics (53)
[2018.02.20-15.54.39:155][ 93]LogModuleManager: Shutting down and abandoning module ProfilerService (49)
[2018.02.20-15.54.39:378][ 93]LogModuleManager: Shutting down and abandoning module TaskGraph (48)
[2018.02.20-15.54.39:380][ 93]LogModuleManager: Shutting down and abandoning module ArchVisCharacter (47)
[2018.02.20-15.54.39:380][ 93]LogModuleManager: Shutting down and abandoning module CableComponent (46)
[2018.02.20-15.54.39:380][ 93]LogModuleManager: Shutting down and abandoning module CustomMeshComponent (45)
[2018.02.20-15.54.39:380][ 93]LogModuleManager: Shutting down and abandoning module OculusInput (44)
[2018.02.20-15.54.39:380][ 93]LogModuleManager: Shutting down and abandoning module OculusLibrary (43)
[2018.02.20-15.54.39:380][ 93]LogModuleManager: Shutting down and abandoning module ProceduralMeshComponent (42)
[2018.02.20-15.54.39:380][ 93]LogModuleManager: Shutting down and abandoning module SteamVRController (41)
[2018.02.20-15.54.39:380][ 93]LogModuleManager: Shutting down and abandoning module SteamVR (40)
[2018.02.20-15.54.39:380][ 93]LogModuleManager: Shutting down and abandoning module SlateRemote (39)
[2018.02.20-15.54.39:380][ 93]LogModuleManager: Shutting down and abandoning module Paper2D (38)
[2018.02.20-15.54.39:380][ 93]LogModuleManager: Shutting down and abandoning module LightPropagationVolumeRuntime (37)
[2018.02.20-15.54.39:380][ 93]LogModuleManager: Shutting down and abandoning module UdpMessaging (36)
[2018.02.20-15.54.39:380][ 93]LogModuleManager: Shutting down and abandoning module Media (35)
[2018.02.20-15.54.39:380][ 93]LogModuleManager: Shutting down and abandoning module WmfMedia (34)
[2018.02.20-15.54.39:380][ 93]LogModuleManager: Shutting down and abandoning module WindowsMoviePlayer (33)
[2018.02.20-15.54.39:381][ 93]LogModuleManager: Shutting down and abandoning module ImageWrapper (32)
[2018.02.20-15.54.39:381][ 93]LogModuleManager: Shutting down and abandoning module MediaAssets (31)
[2018.02.20-15.54.39:381][ 93]LogModuleManager: Shutting down and abandoning module GameLiveStreaming (30)
[2018.02.20-15.54.39:381][ 93]LogModuleManager: Shutting down and abandoning module UMG (29)
[2018.02.20-15.54.39:381][ 93]LogModuleManager: Shutting down and abandoning module SlateReflector (28)
[2018.02.20-15.54.39:382][ 93]LogModuleManager: Shutting down and abandoning module Slate (27)
[2018.02.20-15.54.39:382][ 93]LogModuleManager: Shutting down and abandoning module Messaging (26)
[2018.02.20-15.54.39:382][ 93]LogModuleManager: Shutting down and abandoning module HeadMountedDisplay (25)
[2018.02.20-15.54.39:382][ 93]LogModuleManager: Shutting down and abandoning module XAudio2 (24)
[2018.02.20-15.54.39:382][ 93]LogModuleManager: Shutting down and abandoning module Networking (22)
[2018.02.20-15.54.39:382][ 93]LogModuleManager: Shutting down and abandoning module Core (21)
[2018.02.20-15.54.39:382][ 93]LogModuleManager: Shutting down and abandoning module AssetRegistry (20)
[2018.02.20-15.54.39:382][ 93]LogModuleManager: Shutting down and abandoning module InputCore (19)
[2018.02.20-15.54.39:382][ 93]LogModuleManager: Shutting down and abandoning module OnlineSubsystem (17)
[2018.02.20-15.54.39:382][ 93]LogModuleManager: Shutting down and abandoning module HTTP (16)
[2018.02.20-15.54.43:397][ 93]LogModuleManager: Shutting down and abandoning module ExampleDeviceProfileSelector (15)
[2018.02.20-15.54.43:397][ 93]LogModuleManager: Shutting down and abandoning module OculusRift (14)
[2018.02.20-15.54.43:398][ 93]LogModuleManager: Shutting down and abandoning module ShaderCore (13)
[2018.02.20-15.54.43:398][ 93]LogModuleManager: Shutting down and abandoning module Landscape (12)
[2018.02.20-15.54.43:398][ 93]LogModuleManager: Shutting down and abandoning module SlateRHIRenderer (11)
[2018.02.20-15.54.43:399][ 93]LogModuleManager: Shutting down and abandoning module OpenGLDrv (10)
[2018.02.20-15.54.43:399][ 93]LogModuleManager: Shutting down and abandoning module D3D11RHI (9)
[2018.02.20-15.54.43:399][ 93]LogModuleManager: Shutting down and abandoning module AnimGraphRuntime (8)
[2018.02.20-15.54.43:399][ 93]LogModuleManager: Shutting down and abandoning module Renderer (7)
[2018.02.20-15.54.43:399][ 93]LogModuleManager: Shutting down and abandoning module Engine (6)
[2018.02.20-15.54.43:399][ 93]LogModuleManager: Shutting down and abandoning module CoreUObject (5)
[2018.02.20-15.54.43:399][ 93]LogModuleManager: Shutting down and abandoning module NetworkFile (4)
[2018.02.20-15.54.43:399][ 93]LogModuleManager: Shutting down and abandoning module StreamingFile (3)
[2018.02.20-15.54.43:399][ 93]LogModuleManager: Shutting down and abandoning module SandboxFile (2)
[2018.02.20-15.54.43:399][ 93]LogModuleManager: Shutting down and abandoning module PakFile (1)
[2018.02.20-15.54.43:400][ 93]LogExit: Exiting.
[2018.02.20-15.54.43:401][ 93]Log file closed, 02/20/18 15:54:43
